TN:
SF:src\App.tsx
FN:9,(anonymous_1)
FNF:1
FNH:1
FNDA:2,(anonymous_1)
DA:2,1
DA:3,1
DA:4,1
DA:5,1
DA:6,1
DA:7,1
DA:9,1
DA:10,2
DA:22,1
LF:9
LH:9
BRF:0
BRH:0
end_of_record
TN:
SF:src\Atom\blocksState.tsx
FN:14,(anonymous_0)
FN:16,(anonymous_1)
FN:33,(anonymous_2)
FN:34,(anonymous_3)
FNF:4
FNH:0
FNDA:0,(anonymous_0)
FNDA:0,(anonymous_1)
FNDA:0,(anonymous_2)
FNDA:0,(anonymous_3)
DA:2,3
DA:3,3
DA:12,3
DA:15,0
DA:16,0
DA:25,3
DA:31,3
DA:33,0
DA:34,0
LF:9
LH:5
BRF:0
BRH:0
end_of_record
TN:
SF:src\Atom\numberofBlocks.tsx
FNF:0
FNH:0
DA:1,3
DA:3,3
LF:2
LH:2
BRF:0
BRH:0
end_of_record
TN:
SF:src\pages\CarBlock.tsx
FN:11,(anonymous_1)
FN:17,(anonymous_2)
FN:28,(anonymous_3)
FNF:3
FNH:3
FNDA:3,(anonymous_1)
FNDA:1,(anonymous_2)
FNDA:3,(anonymous_3)
DA:1,2
DA:2,2
DA:3,2
DA:4,2
DA:5,2
DA:11,2
DA:12,3
DA:13,3
DA:14,3
DA:15,3
DA:17,3
DA:18,1
DA:19,1
DA:20,1
DA:23,0
DA:28,3
DA:29,3
DA:32,3
DA:51,2
LF:19
LH:18
BRDA:18,0,0,1
BRDA:18,0,1,0
BRDA:38,1,0,1
BRDA:38,1,1,2
BRDA:45,2,0,1
BRDA:45,2,1,2
BRF:6
BRH:5
end_of_record
TN:
SF:src\pages\CarPayment.tsx
FN:14,(anonymous_1)
FN:25,(anonymous_2)
FN:29,(anonymous_3)
FN:32,(anonymous_4)
FN:51,(anonymous_5)
FN:57,(anonymous_6)
FN:71,(anonymous_7)
FN:72,(anonymous_8)
FN:73,(anonymous_9)
FN:94,(anonymous_10)
FN:113,(anonymous_11)
FNF:11
FNH:1
FNDA:9,(anonymous_1)
FNDA:0,(anonymous_2)
FNDA:0,(anonymous_3)
FNDA:0,(anonymous_4)
FNDA:0,(anonymous_5)
FNDA:0,(anonymous_6)
FNDA:0,(anonymous_7)
FNDA:0,(anonymous_8)
FNDA:0,(anonymous_9)
FNDA:0,(anonymous_10)
FNDA:0,(anonymous_11)
DA:1,2
DA:2,2
DA:3,2
DA:4,2
DA:5,2
DA:6,2
DA:7,2
DA:8,2
DA:14,2
DA:15,9
DA:16,4
DA:17,4
DA:18,4
DA:19,4
DA:20,4
DA:21,4
DA:22,4
DA:25,4
DA:26,0
DA:29,4
DA:30,0
DA:32,0
DA:33,0
DA:34,0
DA:36,0
DA:38,0
DA:39,0
DA:41,0
DA:42,0
DA:46,0
DA:49,0
DA:51,0
DA:53,0
DA:57,4
DA:58,0
DA:62,0
DA:67,0
DA:68,0
DA:71,4
DA:72,0
DA:73,0
DA:74,0
DA:75,0
DA:83,0
DA:88,0
DA:90,0
DA:91,0
DA:94,4
DA:95,0
DA:96,0
DA:97,0
DA:98,0
DA:101,4
DA:114,0
DA:165,2
LF:55
LH:24
BRDA:38,0,0,0
BRDA:38,0,1,0
BRDA:74,1,0,0
BRDA:74,1,1,0
BRDA:133,2,0,0
BRDA:133,2,1,4
BRF:6
BRH:1
end_of_record
TN:
SF:src\pages\Carinput.tsx
FN:13,(anonymous_7)
FN:30,(anonymous_8)
FN:33,(anonymous_9)
FN:49,(anonymous_10)
FN:50,(anonymous_11)
FN:66,(anonymous_12)
FN:71,(anonymous_13)
FN:73,(anonymous_14)
FN:78,(anonymous_15)
FN:85,(anonymous_16)
FN:120,(anonymous_17)
FNF:11
FNH:0
FNDA:0,(anonymous_7)
FNDA:0,(anonymous_8)
FNDA:0,(anonymous_9)
FNDA:0,(anonymous_10)
FNDA:0,(anonymous_11)
FNDA:0,(anonymous_12)
FNDA:0,(anonymous_13)
FNDA:0,(anonymous_14)
FNDA:0,(anonymous_15)
FNDA:0,(anonymous_16)
FNDA:0,(anonymous_17)
DA:1,1
DA:2,1
DA:3,1
DA:4,1
DA:5,1
DA:6,1
DA:7,1
DA:8,1
DA:9,1
DA:10,1
DA:11,1
DA:13,1
DA:15,0
DA:16,0
DA:19,0
DA:20,0
DA:21,0
DA:24,0
DA:27,0
DA:30,0
DA:32,0
DA:34,0
DA:38,0
DA:40,0
DA:41,0
DA:42,0
DA:46,0
DA:49,0
DA:50,0
DA:51,0
DA:63,0
DA:66,0
DA:68,0
DA:71,0
DA:73,0
DA:74,0
DA:78,0
DA:81,0
DA:85,0
DA:121,0
DA:122,0
DA:123,0
DA:151,1
LF:43
LH:13
BRDA:34,0,0,0
BRDA:34,0,1,0
BRDA:38,1,0,0
BRDA:51,2,0,0
BRDA:51,2,1,0
BRDA:123,3,0,0
BRDA:123,3,1,0
BRF:7
BRH:0
end_of_record
TN:
SF:src\pages\Home.tsx
FN:12,(anonymous_1)
FN:18,(anonymous_2)
FN:25,(anonymous_3)
FN:30,(anonymous_4)
FN:36,(anonymous_5)
FNF:5
FNH:2
FNDA:2,(anonymous_1)
FNDA:2,(anonymous_2)
FNDA:0,(anonymous_3)
FNDA:0,(anonymous_4)
FNDA:0,(anonymous_5)
DA:1,1
DA:2,1
DA:3,1
DA:4,1
DA:6,1
DA:7,1
DA:8,1
DA:9,1
DA:10,1
DA:12,1
DA:13,2
DA:14,2
DA:15,2
DA:16,2
DA:18,2
DA:19,2
DA:20,2
DA:21,0
DA:25,2
DA:26,0
DA:27,0
DA:30,2
DA:31,0
DA:32,0
DA:34,0
DA:35,0
DA:36,0
DA:43,0
DA:44,0
DA:47,2
DA:81,1
LF:31
LH:21
BRDA:20,0,0,0
BRDA:20,1,0,2
BRDA:20,1,1,2
BRF:3
BRH:2
end_of_record
TN:
SF:src\pages\Parking.tsx
FN:14,(anonymous_7)
FN:18,(anonymous_8)
FN:25,(anonymous_9)
FN:29,(anonymous_10)
FN:38,(anonymous_11)
FN:39,(anonymous_12)
FN:50,(anonymous_13)
FN:114,(anonymous_14)
FNF:8
FNH:0
FNDA:0,(anonymous_7)
FNDA:0,(anonymous_8)
FNDA:0,(anonymous_9)
FNDA:0,(anonymous_10)
FNDA:0,(anonymous_11)
FNDA:0,(anonymous_12)
FNDA:0,(anonymous_13)
FNDA:0,(anonymous_14)
DA:1,1
DA:2,1
DA:3,1
DA:4,1
DA:5,1
DA:6,1
DA:7,1
DA:9,1
DA:10,1
DA:11,1
DA:12,1
DA:14,1
DA:15,0
DA:16,0
DA:17,0
DA:18,0
DA:19,0
DA:20,0
DA:21,0
DA:25,0
DA:26,0
DA:29,0
DA:30,0
DA:31,0
DA:32,0
DA:36,0
DA:38,0
DA:39,0
DA:41,0
DA:42,0
DA:44,0
DA:45,0
DA:46,0
DA:50,0
DA:51,0
DA:52,0
DA:53,0
DA:57,0
DA:115,0
DA:123,1
LF:40
LH:13
BRDA:20,0,0,0
BRDA:31,1,0,0
BRDA:41,2,0,0
BRDA:41,2,1,0
BRF:4
BRH:0
end_of_record
